<?xml version="1.0" encoding="UTF-8"?>
<!-- Generated by org.testng.reporters.JUnitReportReporter -->
<testsuite hostname="DESKTOP-RJIRCLS" failures="0" tests="1" name="TestCases.VerifySignUpTestCase" time="12.763" errors="0" timestamp="2022-08-30T17:28:21 IST" skipped="0">
  <testcase classname="TestCases.VerifySignUpTestCase" name="signup" time="12.763"/>
  <system-out/>
</testsuite> <!-- TestCases.VerifySignUpTestCase -->
