<?xml version="1.0" encoding="UTF-8"?>
<!-- Generated by org.testng.reporters.JUnitReportReporter -->
<testsuite hostname="DESKTOP-RJIRCLS" failures="0" tests="1" name="TestCases.VerifyLoginTestCase" time="13.980" errors="0" timestamp="2022-08-30T11:58:34 IST" skipped="0">
  <testcase classname="TestCases.VerifyLoginTestCase" name="login" time="13.980"/>
  <system-out/>
</testsuite> <!-- TestCases.VerifyLoginTestCase -->
